A51 MACRO ASSEMBLER  MAX                                                                  03/08/2019 17:04:19 PAGE     1


MACRO ASSEMBLER A51 V8.02b
OBJECT MODULE PLACED IN MAX.OBJ
ASSEMBLER INVOKED BY: C:\Keil\C51\BIN\A51.EXE MAX.asm SET(SMALL) DEBUG EP

LOC  OBJ            LINE     SOURCE

0300                   1     ORG 300H
0300 01020358          2     DB 1, 2, 3, 88, 54;             DATA
0304 36                      
                       3     
0000                   4     ORG 00H
0000 900300            5     MOV DPTR, #300H
                       6     
0003 7F04              7     MOV R7, #04;                    TOTAL NUMBERS
0005 7800              8     MOV R0, #00;                    COUNTER 1
0007 7901              9     MOV R1, #01;                    COUNTER 2
0009 7A00             10     MOV R2, #00
000B E4               11     CLR A
000C 93               12     MOVC A, @A + DPTR
000D FB               13     MOV R3, A;                              GREATEST NUMBER
000E E4               14     CLR A
                      15     
000F                  16     LOOP:
000F E9               17             MOV A, R1
0010 93               18             MOVC A, @A + DPTR
0011 FA               19             MOV R2, A;                              ;FIRST NUMBER
0012 E8               20             MOV A, R0
0013 93               21             MOVC A, @A + DPTR
0014 FB               22             MOV R3, A                               ;SECOND NUMBER
0015 C3               23             CLR C
0016 9A               24             SUBB A, R2                              ;FIND GREATER
0017 4008             25             JC CHANGEGREATEST
0019                  26     L1:
0019 08               27             INC R0
001A 09               28             INC R1
001B DFF2             29             DJNZ R7, LOOP
                      30             
001D 8B80             31             MOV P0, R3
001F 8004             32             JMP LAST
                      33     
0021                  34     CHANGEGREATEST:                         ;GREATEST NUMBER CHANGED
0021 EA               35             MOV A, R2
0022 FB               36             MOV R3, A
0023 80F4             37             JMP L1
                      38             
0025                  39     LAST:
                      40             END
A51 MACRO ASSEMBLER  MAX                                                                  03/08/2019 17:04:19 PAGE     2

SYMBOL TABLE LISTING
------ ----- -------


N A M E             T Y P E  V A L U E   ATTRIBUTES

CHANGEGREATEST . .  C ADDR   0021H   A   
L1 . . . . . . . .  C ADDR   0019H   A   
LAST . . . . . . .  C ADDR   0025H   A   
LOOP . . . . . . .  C ADDR   000FH   A   
P0 . . . . . . . .  D ADDR   0080H   A   


REGISTER BANK(S) USED: 0 


ASSEMBLY COMPLETE.  0 WARNING(S), 0 ERROR(S)
