A51 MACRO ASSEMBLER  AVGARRAY                                                             03/15/2019 16:22:23 PAGE     1


MACRO ASSEMBLER A51 V8.02b
OBJECT MODULE PLACED IN AvgArray.OBJ
ASSEMBLER INVOKED BY: C:\Keil\C51\BIN\A51.EXE AvgArray.asm SET(SMALL) DEBUG EP

LOC  OBJ            LINE     SOURCE

0300                   1     ORG 300H
0300 01040506          2     DB 1,4,5,6,7
0304 07                      
0000                   3     ORG 0000H       
0000 900300            4     MOV DPTR, #0300H
0003 7F05              5     MOV R7, #05H  
0005 7400              6     MOV A, #00H
0007 7800              7     MOV R0, #00H    
0009 7E00              8     MOV R6,#00H      
                       9     
000B                  10     LOOP:
000B E8               11     MOV A, R0       
000C 93               12     MOVC A,@A+DPTR  
000D 2E               13     ADD A, R6       
000E FE               14     MOV R6,A        
000F 08               15     INC R0
0010 8EB0             16     MOV P3,R6
0012 DFF7             17     DJNZ R7, LOOP
                      18     
0014 EE               19     MOV A,R6
0015 75F005           20     MOV B,#05H
0018 84               21     DIV AB
0019 F580             22     MOV P0,A
001B 85F090           23     MOV P1,B
                      24     END
A51 MACRO ASSEMBLER  AVGARRAY                                                             03/15/2019 16:22:23 PAGE     2

SYMBOL TABLE LISTING
------ ----- -------


N A M E             T Y P E  V A L U E   ATTRIBUTES

B. . . . . . . . .  D ADDR   00F0H   A   
LOOP . . . . . . .  C ADDR   000BH   A   
P0 . . . . . . . .  D ADDR   0080H   A   
P1 . . . . . . . .  D ADDR   0090H   A   
P3 . . . . . . . .  D ADDR   00B0H   A   


REGISTER BANK(S) USED: 0 


ASSEMBLY COMPLETE.  0 WARNING(S), 0 ERROR(S)
